            --------------------------------------------------------
                             AMBER SQM VERSION 19
 
                                     By
              Ross C. Walker, Michael F. Crowley, Scott Brozell,
                         Tim Giese, Andreas W. Goetz,
                        Tai-Sung Lee and David A. Case
 
            --------------------------------------------------------
 

--------------------------------------------------------------------------------
  QM CALCULATION INFO
--------------------------------------------------------------------------------

| QMMM: Citation for AMBER QMMM Run:
| QMMM: R.C. Walker, M.F. Crowley and D.A. Case, J. COMP. CHEM. 29:1019, 2008

QMMM: SINGLET STATE CALCULATION
QMMM: RHF CALCULATION, NO. OF DOUBLY OCCUPIED LEVELS = 37

| QMMM: *** Selected Hamiltonian *** 
| QMMM: AM1         

| QMMM: *** Parameter sets in use ***
| QMMM: C : M.J.S.DEWAR et al. JACS, 107, 3902, (1985)
| QMMM: O : M.J.S.DEWAR et al. JACS, 107, 3902, (1985)
| QMMM: H : M.J.S.DEWAR et al. JACS, 107, 3902, (1985)

| QMMM: *** SCF convergence criteria ***
| QMMM: Energy change                :  0.1D-09 kcal/mol
| QMMM: Error matrix |FP-PF|         :  0.1D+00 au
| QMMM: Density matrix change        :  0.5D-06
| QMMM: Maximum number of SCF cycles :     1000

| QMMM: *** Diagonalization Routine Information ***
| QMMM: Pseudo diagonalizations are allowed.
| QMMM: Auto diagonalization routine selection is in use.
| QMMM:
| QMMM: Timing diagonalization routines:
| QMMM:                              norbs =       59
| QMMM:    diag iterations used for timing =       15
| QMMM:
| QMMM:              Internal diag routine = 0.004362 seconds
| QMMM:                 Dspev diag routine = 0.005486 seconds
| QMMM:                Dspevd diag routine = 0.003360 seconds
| QMMM:                Dspevx diag routine = 0.018163 seconds
| QMMM:                 Dsyev diag routine = 0.004958 seconds
| QMMM:                Dsyevd diag routine = 0.003062 seconds
| QMMM:                Dsyevr diag routine = 0.004505 seconds
| QMMM:
| QMMM:                Pseudo diag routine = 0.001509 seconds
| QMMM:
| QMMM: Using dsyevd routine (diag_routine=6).

  QMMM: QM Region Cartesian Coordinates (*=link atom) 
  QMMM: QM_NO.   MM_NO.  ATOM         X         Y         Z
  QMMM:     1        1      C        0.4120   -0.0060    2.4790
  QMMM:     2        2      O       -0.4460    0.8360    2.3680
  QMMM:     3        3      O        0.8120   -0.4000    3.6980
  QMMM:     4        4      C        1.0320   -0.6160    1.2490
  QMMM:     5        5      C        0.4020    0.0020    0.0000
  QMMM:     6        6      O        0.6310    1.4120    0.0000
  QMMM:     7        7      C        1.0320   -0.6160   -1.2490
  QMMM:     8        8      C        0.4120   -0.0060   -2.4790
  QMMM:     9        9      O       -0.4460    0.8360   -2.3680
  QMMM:    10       10      O        0.8120   -0.4000   -3.6980
  QMMM:    11       11      C       -1.0800   -0.2650    0.0000
  QMMM:    12       12      O       -1.8600    0.6560    0.0000
  QMMM:    13       13      O       -1.5330   -1.5290    0.0000
  QMMM:    14       14      H        0.4140   -0.0090    4.4880
  QMMM:    15       15      H        2.1050   -0.4220    1.2490
  QMMM:    16       16      H        0.8580   -1.6920    1.2490
  QMMM:    17       17      H        1.5900    1.5400    0.0000
  QMMM:    18       18      H        2.1050   -0.4220   -1.2490
  QMMM:    19       19      H        0.8580   -1.6920   -1.2490
  QMMM:    20       20      H        0.4140   -0.0090   -4.4880

--------------------------------------------------------------------------------
  RESULTS
--------------------------------------------------------------------------------

      iter         sqm energy              rms gradient
      ----    -------------------    -----------------------
xmin    10     -345.3094 kcal/mol        0.8342 kcal/(mol*A)
xmin    20     -347.3737 kcal/mol        2.2471 kcal/(mol*A)
xmin    30     -351.6250 kcal/mol        8.7263 kcal/(mol*A)
xmin    40     -353.7978 kcal/mol        0.3660 kcal/(mol*A)
xmin    50     -354.0220 kcal/mol        0.4049 kcal/(mol*A)
xmin    60     -354.0432 kcal/mol        0.0781 kcal/(mol*A)
xmin    70     -354.0482 kcal/mol        0.0555 kcal/(mol*A)
xmin    80     -354.0499 kcal/mol        0.0266 kcal/(mol*A)
xmin    90     -354.0479 kcal/mol        0.0922 kcal/(mol*A)
xmin   100     -354.0503 kcal/mol        0.0185 kcal/(mol*A)
xmin   110     -354.0519 kcal/mol        0.0916 kcal/(mol*A)
xmin   120     -354.0589 kcal/mol        0.0787 kcal/(mol*A)
xmin   130     -354.0628 kcal/mol        0.0510 kcal/(mol*A)
xmin   140     -354.1607 kcal/mol        0.4128 kcal/(mol*A)
xmin   150     -354.2489 kcal/mol        0.2914 kcal/(mol*A)
xmin   160     -354.5155 kcal/mol        0.3587 kcal/(mol*A)
xmin   170     -355.5520 kcal/mol        1.4122 kcal/(mol*A)
xmin   180     -356.9249 kcal/mol        0.4732 kcal/(mol*A)
xmin   190     -357.0549 kcal/mol        0.3153 kcal/(mol*A)
xmin   200     -357.0665 kcal/mol        0.1121 kcal/(mol*A)
xmin   210     -357.0688 kcal/mol        0.0250 kcal/(mol*A)
xmin   220     -357.0708 kcal/mol        0.0397 kcal/(mol*A)
xmin   230     -357.0761 kcal/mol        0.0256 kcal/(mol*A)
xmin   240     -357.0832 kcal/mol        0.0515 kcal/(mol*A)
xmin   250     -357.0863 kcal/mol        0.0810 kcal/(mol*A)
xmin   260     -357.0924 kcal/mol        0.0438 kcal/(mol*A)
xmin   270     -357.1035 kcal/mol        0.1128 kcal/(mol*A)
xmin   280     -357.1128 kcal/mol        0.0646 kcal/(mol*A)
xmin   290     -357.1317 kcal/mol        0.0923 kcal/(mol*A)
xmin   300     -357.1643 kcal/mol        0.2450 kcal/(mol*A)
xmin   310     -357.1745 kcal/mol        0.0623 kcal/(mol*A)
xmin   320     -357.1883 kcal/mol        0.0422 kcal/(mol*A)
xmin   330     -357.1993 kcal/mol        0.0478 kcal/(mol*A)
xmin   340     -357.2157 kcal/mol        0.3003 kcal/(mol*A)
xmin   350     -357.2190 kcal/mol        0.0208 kcal/(mol*A)
xmin   360     -357.2216 kcal/mol        0.0351 kcal/(mol*A)
xmin   370     -357.2225 kcal/mol        0.0132 kcal/(mol*A)
xmin   380     -357.2233 kcal/mol        0.0402 kcal/(mol*A)
xmin   390     -357.2252 kcal/mol        0.0224 kcal/(mol*A)
xmin   400     -357.2254 kcal/mol        0.0094 kcal/(mol*A)
xmin   410     -357.2255 kcal/mol        0.0040 kcal/(mol*A)
xmin   420     -357.2258 kcal/mol        0.0064 kcal/(mol*A)
xmin   430     -357.2259 kcal/mol        0.0025 kcal/(mol*A)
xmin   440     -357.2259 kcal/mol        0.0051 kcal/(mol*A)
xmin   450     -357.2260 kcal/mol        0.0043 kcal/(mol*A)
xmin   460     -357.2260 kcal/mol        0.0142 kcal/(mol*A)
xmin   470     -357.2260 kcal/mol        0.0140 kcal/(mol*A)
xmin   480     -357.2260 kcal/mol        0.0085 kcal/(mol*A)
xmin   490     -357.2261 kcal/mol        0.0009 kcal/(mol*A)
xmin   500     -357.2261 kcal/mol        0.0032 kcal/(mol*A)
xmin   510     -357.2261 kcal/mol        0.0012 kcal/(mol*A)
  ... geometry converged !
 
 Final MO eigenvalues (eV):
 -38.1833  -37.5184  -35.4113  -33.6942  -33.3238  -32.6755  -30.1991  -29.0957
 -27.2562  -22.1366  -19.1380  -18.4851  -16.3935  -15.9079  -15.3936  -14.5600
 -14.3305  -13.7126  -13.5203  -13.0698  -12.2268  -11.8069  -11.2072  -10.7760
 -10.5653  -10.3527   -9.8390   -9.6935   -9.4814   -9.2535   -9.0503   -8.7465
  -8.3869   -7.5454   -5.5672   -5.2501   -4.8948    3.7653    4.2191    5.1307
   5.5429    6.6171    6.7581    7.0138    7.2171    7.2966    7.4452    7.4869
   7.6934    7.7956    7.8993    8.1897    8.3725    8.5231    9.3367    9.8114
  10.1478   11.8845   13.0698

 Heat of formation   =       -357.22608653 kcal/mol  (      -15.49048552 eV)

 Total SCF energy    =     -71747.67947550 kcal/mol  (    -3111.21284747 eV)
 Electronic energy   =    -332483.07031129 kcal/mol  (   -14417.54782149 eV)
 Core-core repulsion =     260735.39083578 kcal/mol  (    11306.33497402 eV)
 
    Atomic Charges for Step       1 :
  Atom    Element       Mulliken Charge
     1      C                  0.308
     2      O                 -0.394
     3      O                 -0.336
     4      C                 -0.179
     5      C                  0.005
     6      O                 -0.291
     7      C                 -0.181
     8      C                  0.334
     9      O                 -0.392
    10      O                 -0.315
    11      C                  0.353
    12      O                 -0.503
    13      O                 -0.577
    14      H                  0.222
    15      H                  0.148
    16      H                  0.137
    17      H                  0.193
    18      H                  0.091
    19      H                  0.152
    20      H                  0.224
 Total Mulliken Charge =      -1.000
 
                  X        Y        Z     TOTAL  
  QM DIPOLE     6.209    5.263    3.441    8.836
 
 Final Structure

  QMMM: QM Region Cartesian Coordinates (*=link atom) 
  QMMM: QM_NO.   MM_NO.  ATOM         X         Y         Z
  QMMM:     1        1      C        1.0500    0.3947    2.0839
  QMMM:     2        2      O        1.2414    1.5777    1.7761
  QMMM:     3        3      O        1.6942   -0.0127    3.2240
  QMMM:     4        4      C        0.2267   -0.6680    1.4442
  QMMM:     5        5      C       -0.1931   -0.3729   -0.0008
  QMMM:     6        6      O       -0.9977    0.7827   -0.0562
  QMMM:     7        7      C        1.0547   -0.2608   -0.8884
  QMMM:     8        8      C        0.8202    0.5844   -2.0952
  QMMM:     9        9      O        0.6038    1.7994   -2.1785
  QMMM:    10       10      O        0.9275   -0.0790   -3.2848
  QMMM:    11       11      C       -1.0441   -1.6300   -0.4623
  QMMM:    12       12      O       -2.2298   -1.4668   -0.8209
  QMMM:    13       13      O       -0.4207   -2.7268   -0.4076
  QMMM:    14       14      H        2.1928    0.7304    3.5962
  QMMM:    15       15      H        0.7787   -1.6464    1.4625
  QMMM:    16       16      H       -0.7078   -0.7856    2.0580
  QMMM:    17       17      H       -0.4078    1.5413    0.0704
  QMMM:    18       18      H        1.8960    0.2185   -0.3197
  QMMM:    19       19      H        1.3541   -1.3012   -1.1926
  QMMM:    20       20      H        0.6848    0.5188   -4.0083

           --------- Calculation Completed ----------

