            --------------------------------------------------------
                             AMBER SQM VERSION 19
 
                                     By
              Ross C. Walker, Michael F. Crowley, Scott Brozell,
                         Tim Giese, Andreas W. Goetz,
                        Tai-Sung Lee and David A. Case
 
            --------------------------------------------------------
 

--------------------------------------------------------------------------------
  QM CALCULATION INFO
--------------------------------------------------------------------------------

| QMMM: Citation for AMBER QMMM Run:
| QMMM: R.C. Walker, M.F. Crowley and D.A. Case, J. COMP. CHEM. 29:1019, 2008

QMMM: SINGLET STATE CALCULATION
QMMM: RHF CALCULATION, NO. OF DOUBLY OCCUPIED LEVELS = 37

| QMMM: *** Selected Hamiltonian *** 
| QMMM: AM1         

| QMMM: *** Parameter sets in use ***
| QMMM: C : M.J.S.DEWAR et al. JACS, 107, 3902, (1985)
| QMMM: O : M.J.S.DEWAR et al. JACS, 107, 3902, (1985)
| QMMM: H : M.J.S.DEWAR et al. JACS, 107, 3902, (1985)

| QMMM: *** SCF convergence criteria ***
| QMMM: Energy change                :  0.1D-09 kcal/mol
| QMMM: Error matrix |FP-PF|         :  0.1D+00 au
| QMMM: Density matrix change        :  0.5D-06
| QMMM: Maximum number of SCF cycles :     1000

| QMMM: *** Diagonalization Routine Information ***
| QMMM: Pseudo diagonalizations are allowed.
| QMMM: Auto diagonalization routine selection is in use.
| QMMM:
| QMMM: Timing diagonalization routines:
| QMMM:                              norbs =       58
| QMMM:    diag iterations used for timing =       15
| QMMM:
| QMMM:              Internal diag routine = 0.006329 seconds
| QMMM:                 Dspev diag routine = 0.005747 seconds
| QMMM:                Dspevd diag routine = 0.023395 seconds
| QMMM:                Dspevx diag routine = 0.017523 seconds
| QMMM:                 Dsyev diag routine = 0.004740 seconds
| QMMM:                Dsyevd diag routine = 0.002822 seconds
| QMMM:                Dsyevr diag routine = 0.005630 seconds
| QMMM:
| QMMM:                Pseudo diag routine = 0.001362 seconds
| QMMM:
| QMMM: Using dsyevd routine (diag_routine=6).

  QMMM: QM Region Cartesian Coordinates (*=link atom) 
  QMMM: QM_NO.   MM_NO.  ATOM         X         Y         Z
  QMMM:     1        1      C        0.4120   -0.0060    2.4790
  QMMM:     2        2      O       -0.4460    0.8360    2.3680
  QMMM:     3        3      O        0.8120   -0.4000    3.6980
  QMMM:     4        4      C        1.0320   -0.6160    1.2490
  QMMM:     5        5      C        0.4020    0.0020    0.0000
  QMMM:     6        6      O        0.6310    1.4120    0.0000
  QMMM:     7        7      C        1.0320   -0.6160   -1.2490
  QMMM:     8        8      C        0.4120   -0.0060   -2.4790
  QMMM:     9        9      O       -0.4460    0.8360   -2.3680
  QMMM:    10       10      O        0.8120   -0.4000   -3.6980
  QMMM:    11       11      C       -1.0800   -0.2650    0.0000
  QMMM:    12       12      O       -1.8600    0.6560    0.0000
  QMMM:    13       13      O       -1.5330   -1.5290    0.0000
  QMMM:    14       14      H        2.1050   -0.4220    1.2490
  QMMM:    15       15      H        0.8580   -1.6920    1.2490
  QMMM:    16       16      H        1.5900    1.5400    0.0000
  QMMM:    17       17      H        2.1050   -0.4220   -1.2490
  QMMM:    18       18      H        0.8580   -1.6920   -1.2490
  QMMM:    19       19      H        0.4140   -0.0090   -4.4880

--------------------------------------------------------------------------------
  RESULTS
--------------------------------------------------------------------------------

      iter         sqm energy              rms gradient
      ----    -------------------    -----------------------
xmin    10     -293.8813 kcal/mol        6.3610 kcal/(mol*A)
xmin    20     -307.1033 kcal/mol        2.3096 kcal/(mol*A)
xmin    30     -308.7482 kcal/mol        0.7689 kcal/(mol*A)
xmin    40     -309.7508 kcal/mol        0.8684 kcal/(mol*A)
xmin    50     -311.7201 kcal/mol        0.7462 kcal/(mol*A)
xmin    60     -313.2884 kcal/mol        3.4492 kcal/(mol*A)
xmin    70     -314.2810 kcal/mol        0.4471 kcal/(mol*A)
xmin    80     -315.0013 kcal/mol        1.1482 kcal/(mol*A)
xmin    90     -315.4027 kcal/mol        2.4800 kcal/(mol*A)
xmin   100     -315.7814 kcal/mol        0.2071 kcal/(mol*A)
xmin   110     -317.8064 kcal/mol        5.0357 kcal/(mol*A)
xmin   120     -318.8059 kcal/mol        0.7290 kcal/(mol*A)
xmin   130     -318.9638 kcal/mol        0.0848 kcal/(mol*A)
xmin   140     -318.9689 kcal/mol        0.0575 kcal/(mol*A)
xmin   150     -318.9759 kcal/mol        0.1365 kcal/(mol*A)
xmin   160     -318.9768 kcal/mol        0.0141 kcal/(mol*A)
xmin   170     -318.9778 kcal/mol        0.0199 kcal/(mol*A)
xmin   180     -318.9781 kcal/mol        0.0053 kcal/(mol*A)
xmin   190     -318.9782 kcal/mol        0.0050 kcal/(mol*A)
xmin   200     -318.9782 kcal/mol        0.0026 kcal/(mol*A)
xmin   210     -318.9782 kcal/mol        0.0043 kcal/(mol*A)
xmin   220     -318.9782 kcal/mol        0.0010 kcal/(mol*A)
  ... geometry converged !
 
 Final MO eigenvalues (eV):
 -33.5345  -31.9710  -29.9904  -29.3041  -29.1031  -26.5901  -26.1448  -25.3166
 -22.0601  -17.4001  -15.1908  -12.5343  -12.2880  -11.7338  -10.5500   -9.9830
  -9.2135   -8.7853   -8.4674   -7.6059   -7.3915   -7.2342   -6.9773   -6.7565
  -6.5221   -6.3076   -5.3913   -5.2419   -4.8440   -4.4609   -3.6564   -2.6184
  -2.4270   -2.3569   -2.2175   -2.1473   -1.5110    8.2138    9.6898   10.1446
  10.3910   10.7273   11.0456   11.0796   11.3070   11.5688   11.6499   11.8366
  12.0453   12.3084   12.3884   12.4956   13.7214   13.8285   15.0206   15.2750
  15.8521   15.9713

 Heat of formation   =       -318.97819551 kcal/mol  (      -13.83193251 eV)

 Total SCF energy    =     -71394.51658144 kcal/mol  (    -3095.89855520 eV)
 Electronic energy   =    -328528.17907610 kcal/mol  (   -14246.05086840 eV)
 Core-core repulsion =     257133.66249466 kcal/mol  (    11150.15231320 eV)
 
    Atomic Charges for Step       1 :
  Atom    Element       Mulliken Charge
     1      C                  0.317
     2      O                 -0.620
     3      O                 -0.608
     4      C                 -0.231
     5      C                  0.065
     6      O                 -0.351
     7      C                 -0.174
     8      C                  0.389
     9      O                 -0.446
    10      O                 -0.366
    11      C                  0.347
    12      O                 -0.560
    13      O                 -0.596
    14      H                  0.078
    15      H                  0.093
    16      H                  0.222
    17      H                  0.108
    18      H                  0.103
    19      H                  0.230
 Total Mulliken Charge =      -2.000
 
                  X        Y        Z     TOTAL  
  QM DIPOLE    -2.060    0.927   -2.666    3.495
 
 Final Structure

  QMMM: QM Region Cartesian Coordinates (*=link atom) 
  QMMM: QM_NO.   MM_NO.  ATOM         X         Y         Z
  QMMM:     1        1      C        1.6224   -0.1553    2.0029
  QMMM:     2        2      O        1.8520    1.0948    2.0677
  QMMM:     3        3      O        2.4092   -1.0021    2.5273
  QMMM:     4        4      C        0.3555   -0.6635    1.3153
  QMMM:     5        5      C       -0.0400    0.0909    0.0441
  QMMM:     6        6      O       -0.3995    1.4335    0.3447
  QMMM:     7        7      C        1.1589    0.0925   -0.9279
  QMMM:     8        8      C        0.7440    0.1079   -2.3615
  QMMM:     9        9      O        0.5149    1.0666   -3.1148
  QMMM:    10       10      O        0.8240   -1.1184   -2.9922
  QMMM:    11       11      C       -1.2991   -0.5604   -0.6069
  QMMM:    12       12      O       -2.2261   -0.9991    0.1250
  QMMM:    13       13      O       -1.3368   -0.6413   -1.8780
  QMMM:    14       14      H        0.4798   -1.7469    1.0672
  QMMM:    15       15      H       -0.4954   -0.5733    2.0387
  QMMM:    16       16      H        0.2771    1.7666    0.9562
  QMMM:    17       17      H        1.7852    0.9979   -0.7151
  QMMM:    18       18      H        1.7765   -0.8245   -0.7416
  QMMM:    19       19      H        0.1075   -1.1590   -3.6391

           --------- Calculation Completed ----------

