Command: conda run -n amber --no-capture-output tleap -f /home/alexi/Documents/aSyn_simulations/topology_output/ligands/CI2/tleap_CI2.in

=== STDOUT ===
-I: Adding /home/alexi/anaconda3/envs/amber/dat/leap/prep to search path.
-I: Adding /home/alexi/anaconda3/envs/amber/dat/leap/lib to search path.
-I: Adding /home/alexi/anaconda3/envs/amber/dat/leap/parm to search path.
-I: Adding /home/alexi/anaconda3/envs/amber/dat/leap/cmd to search path.
-f: Source /home/alexi/Documents/aSyn_simulations/topology_output/ligands/CI2/tleap_CI2.in.

Welcome to LEaP!
(no leaprc in search path)
Sourcing: /home/alexi/Documents/aSyn_simulations/topology_output/ligands/CI2/tleap_CI2.in
----- Source: /home/alexi/anaconda3/envs/amber/dat/leap/cmd/leaprc.gaff2
----- Source of /home/alexi/anaconda3/envs/amber/dat/leap/cmd/leaprc.gaff2 done
Log file: ./leap.log
Loading parameters: /home/alexi/anaconda3/envs/amber/dat/leap/parm/gaff2.dat
Reading title:
AMBER General Force Field for organic molecules (Version 2.2.20, March 2021)
Loading Mol2 file: /home/alexi/Documents/aSyn_simulations/topology_output/ligands/CI2/CI2_AC.mol2
Reading MOLECULE named CI2
Loading parameters: /home/alexi/Documents/aSyn_simulations/topology_output/ligands/CI2/CI2_AC.frcmod
Reading force field modification type file (frcmod)
Reading title:
Remark line goes here
Checking 'CI2'....

/home/alexi/anaconda3/envs/amber/bin/teLeap: Warning!
The unperturbed charge of the unit (-2.000000) is not zero.
Checking parameters for unit 'CI2'.
Checking for bond parameters.
Checking for angle parameters.
check:  Warnings: 1
Unit is OK.
Checking Unit.

/home/alexi/anaconda3/envs/amber/bin/teLeap: Warning!
The unperturbed charge of the unit (-2.000000) is not zero.

/home/alexi/anaconda3/envs/amber/bin/teLeap: Note.
Ignoring the warning from Unit Checking.

Building topology.
Building atom parameters.
Building bond parameters.
Building angle parameters.
Building proper torsion parameters.
Building improper torsion parameters.
--Impropers:
  1	C2<CI2> - O5<CI2> - C5<CI2> - O6<CI2>
  1	C3<CI2> - O3<CI2> - C4<CI2> - O4<CI2>
  1	O<CI2> - O1<CI2> - C<CI2> - C1<CI2>
 total 3 improper torsions applied
Building H-Bond parameters.
Incorporating Non-Bonded adjustments.
Not Marking per-residue atom chain types.
Marking per-residue atom chain types.
  (Residues lacking connect0/connect1 - 
   these don't have chain types marked:

	res	total affected

	CI2	1
  )
 (no restraints)
	Quit

Exiting LEaP: Errors = 0; Warnings = 2; Notes = 1.
