            --------------------------------------------------------
                             AMBER SQM VERSION 19
 
                                     By
              Ross C. Walker, Michael F. Crowley, Scott Brozell,
                         Tim Giese, Andreas W. Goetz,
                        Tai-Sung Lee and David A. Case
 
            --------------------------------------------------------
 

--------------------------------------------------------------------------------
  QM CALCULATION INFO
--------------------------------------------------------------------------------

| QMMM: Citation for AMBER QMMM Run:
| QMMM: R.C. Walker, M.F. Crowley and D.A. Case, J. COMP. CHEM. 29:1019, 2008

QMMM: SINGLET STATE CALCULATION
QMMM: RHF CALCULATION, NO. OF DOUBLY OCCUPIED LEVELS = 25

| QMMM: *** Selected Hamiltonian *** 
| QMMM: AM1         

| QMMM: *** Parameter sets in use ***
| QMMM: N : M.J.S.DEWAR et al. JACS, 107, 3902, (1985)
| QMMM: C : M.J.S.DEWAR et al. JACS, 107, 3902, (1985)
| QMMM: O : M.J.S.DEWAR et al. JACS, 107, 3902, (1985)
| QMMM: H : M.J.S.DEWAR et al. JACS, 107, 3902, (1985)

| QMMM: *** SCF convergence criteria ***
| QMMM: Energy change                :  0.1D-09 kcal/mol
| QMMM: Error matrix |FP-PF|         :  0.1D+00 au
| QMMM: Density matrix change        :  0.5D-06
| QMMM: Maximum number of SCF cycles :     1000

| QMMM: *** Diagonalization Routine Information ***
| QMMM: Pseudo diagonalizations are allowed.
| QMMM: Auto diagonalization routine selection is in use.
| QMMM:
| QMMM: Timing diagonalization routines:
| QMMM:                              norbs =       43
| QMMM:    diag iterations used for timing =       20
| QMMM:
| QMMM:              Internal diag routine = 0.003540 seconds
| QMMM:                 Dspev diag routine = 0.002283 seconds
| QMMM:                Dspevd diag routine = 0.001794 seconds
| QMMM:                Dspevx diag routine = 0.015610 seconds
| QMMM:                 Dsyev diag routine = 0.003908 seconds
| QMMM:                Dsyevd diag routine = 0.002812 seconds
| QMMM:                Dsyevr diag routine = 0.003359 seconds
| QMMM:
| QMMM:                Pseudo diag routine = 0.000679 seconds
| QMMM:
| QMMM: Using dspevd routine (diag_routine=3).

  QMMM: QM Region Cartesian Coordinates (*=link atom) 
  QMMM: QM_NO.   MM_NO.  ATOM         X         Y         Z
  QMMM:     1        1      N        0.0730   -0.8790   -1.5390
  QMMM:     2        2      C        0.0720   -0.1940   -0.2160
  QMMM:     3        3      C       -0.7120    1.1310   -0.3740
  QMMM:     4        4      O       -0.9650    1.7410    0.8920
  QMMM:     5        5      C       -0.6080   -1.1260    0.8230
  QMMM:     6        6      O       -1.9250   -1.4970    0.4080
  QMMM:     7        7      C        1.5170    0.0920    0.2730
  QMMM:     8        8      O        2.2300    0.9430   -0.6230
  QMMM:     9        9      H        0.7540   -1.6370   -1.5240
  QMMM:    10       10      H       -0.8370   -1.3390   -1.6410
  QMMM:    11       11      H       -1.6860    0.9580   -0.8480
  QMMM:    12       12      H       -0.1650    1.8440   -1.0010
  QMMM:    13       13      H       -1.2710    2.6460    0.7000
  QMMM:    14       14      H       -0.6710   -0.6650    1.8150
  QMMM:    15       15      H       -0.0360   -2.0550    0.9330
  QMMM:    16       16      H       -2.4920   -0.7230    0.5810
  QMMM:    17       17      H        2.0820   -0.8430    0.3650
  QMMM:    18       18      H        1.5050    0.5760    1.2560
  QMMM:    19       19      H        3.1350    1.0280   -0.2790

--------------------------------------------------------------------------------
  RESULTS
--------------------------------------------------------------------------------

      iter         sqm energy              rms gradient
      ----    -------------------    -----------------------
xmin    10     -156.6301 kcal/mol        0.2583 kcal/(mol*A)
xmin    20     -156.7776 kcal/mol        0.1845 kcal/(mol*A)
xmin    30     -156.8158 kcal/mol        0.1202 kcal/(mol*A)
xmin    40     -156.8479 kcal/mol        0.1744 kcal/(mol*A)
xmin    50     -156.8890 kcal/mol        0.2925 kcal/(mol*A)
xmin    60     -156.9299 kcal/mol        0.3236 kcal/(mol*A)
xmin    70     -157.0860 kcal/mol        1.0726 kcal/(mol*A)
xmin    80     -158.0999 kcal/mol        0.8907 kcal/(mol*A)
xmin    90     -158.3416 kcal/mol        0.5085 kcal/(mol*A)
xmin   100     -158.4330 kcal/mol        0.1869 kcal/(mol*A)
xmin   110     -158.6018 kcal/mol        0.2606 kcal/(mol*A)
xmin   120     -158.9829 kcal/mol        0.8871 kcal/(mol*A)
xmin   130     -159.4339 kcal/mol        0.6664 kcal/(mol*A)
xmin   140     -159.5302 kcal/mol        0.5844 kcal/(mol*A)
xmin   150     -159.6161 kcal/mol        0.1663 kcal/(mol*A)
xmin   160     -159.6640 kcal/mol        0.2453 kcal/(mol*A)
xmin   170     -159.6956 kcal/mol        0.4993 kcal/(mol*A)
xmin   180     -159.7214 kcal/mol        0.1716 kcal/(mol*A)
xmin   190     -159.7277 kcal/mol        0.0263 kcal/(mol*A)
xmin   200     -159.7303 kcal/mol        0.0402 kcal/(mol*A)
xmin   210     -159.7307 kcal/mol        0.0046 kcal/(mol*A)
xmin   220     -159.7308 kcal/mol        0.0038 kcal/(mol*A)
xmin   230     -159.7308 kcal/mol        0.0031 kcal/(mol*A)
  ... geometry converged !
 
 Final MO eigenvalues (eV):
 -40.3928  -37.9524  -37.3614  -35.1145  -29.9585  -26.8992  -25.9476  -21.0663
 -19.3183  -18.1705  -17.7989  -16.9347  -16.7699  -16.3031  -15.1267  -14.6993
 -14.6660  -14.4192  -13.4732  -12.6041  -12.2098  -11.6052  -11.1864  -10.8426
 -10.0007    2.8022    3.1636    3.2873    3.3508    3.6742    3.7048    3.7627
   4.0683    4.1112    4.3436    4.4627    4.5495    4.7162    5.7035    5.8495
   6.1973    6.2886    6.4244

 Heat of formation   =       -159.73082858 kcal/mol  (       -6.92644849 eV)

 Total SCF energy    =     -42280.00301732 kcal/mol  (    -1833.39850905 eV)
 Electronic energy   =    -181613.13395128 kcal/mol  (    -7875.33645338 eV)
 Core-core repulsion =     139333.13093397 kcal/mol  (     6041.93794432 eV)
 
    Atomic Charges for Step       1 :
  Atom    Element       Mulliken Charge
     1      N                 -0.335
     2      C                 -0.050
     3      C                 -0.004
     4      O                 -0.332
     5      C                 -0.021
     6      O                 -0.318
     7      C                 -0.065
     8      O                 -0.338
     9      H                  0.161
    10      H                  0.156
    11      H                  0.104
    12      H                  0.088
    13      H                  0.206
    14      H                  0.089
    15      H                  0.096
    16      H                  0.210
    17      H                  0.068
    18      H                  0.080
    19      H                  0.206
 Total Mulliken Charge =       0.000
 
                  X        Y        Z     TOTAL  
  QM DIPOLE     3.373    0.090    0.280    3.386
 
 Final Structure

  QMMM: QM Region Cartesian Coordinates (*=link atom) 
  QMMM: QM_NO.   MM_NO.  ATOM         X         Y         Z
  QMMM:     1        1      N       -0.1035   -0.8947   -1.5026
  QMMM:     2        2      C       -0.0855   -0.2259   -0.2100
  QMMM:     3        3      C       -0.7654    1.1663   -0.3536
  QMMM:     4        4      O       -0.5711    1.9551    0.8006
  QMMM:     5        5      C       -0.8415   -1.0300    0.8817
  QMMM:     6        6      O       -1.9917   -1.6993    0.4176
  QMMM:     7        7      C        1.3482   -0.0193    0.3538
  QMMM:     8        8      O        1.9746    0.9720   -0.4434
  QMMM:     9        9      H        0.5996   -0.5049   -2.0984
  QMMM:    10       10      H        0.0449   -1.8770   -1.3883
  QMMM:    11       11      H       -1.8776    1.0386   -0.4360
  QMMM:    12       12      H       -0.3722    1.6966   -1.2606
  QMMM:    13       13      H        0.3380    2.2811    0.7706
  QMMM:    14       14      H       -1.1171   -0.3175    1.7065
  QMMM:    15       15      H       -0.1886   -1.8489    1.2888
  QMMM:    16       16      H       -2.5018   -1.0737   -0.1124
  QMMM:    17       17      H        1.9296   -0.9782    0.3129
  QMMM:    18       18      H        1.2910    0.3294    1.4197
  QMMM:    19       19      H        2.8900    1.0314   -0.1461

           --------- Calculation Completed ----------

