            --------------------------------------------------------
                             AMBER SQM VERSION 19
 
                                     By
              Ross C. Walker, Michael F. Crowley, Scott Brozell,
                         Tim Giese, Andreas W. Goetz,
                        Tai-Sung Lee and David A. Case
 
            --------------------------------------------------------
 

--------------------------------------------------------------------------------
  QM CALCULATION INFO
--------------------------------------------------------------------------------

| QMMM: Citation for AMBER QMMM Run:
| QMMM: R.C. Walker, M.F. Crowley and D.A. Case, J. COMP. CHEM. 29:1019, 2008

QMMM: SINGLET STATE CALCULATION
QMMM: RHF CALCULATION, NO. OF DOUBLY OCCUPIED LEVELS = 25

| QMMM: *** Selected Hamiltonian *** 
| QMMM: AM1         

| QMMM: *** Parameter sets in use ***
| QMMM: C : M.J.S.DEWAR et al. JACS, 107, 3902, (1985)
| QMMM: N : M.J.S.DEWAR et al. JACS, 107, 3902, (1985)
| QMMM: O : M.J.S.DEWAR et al. JACS, 107, 3902, (1985)
| QMMM: H : M.J.S.DEWAR et al. JACS, 107, 3902, (1985)

| QMMM: *** SCF convergence criteria ***
| QMMM: Energy change                :  0.1D-09 kcal/mol
| QMMM: Error matrix |FP-PF|         :  0.1D+00 au
| QMMM: Density matrix change        :  0.5D-06
| QMMM: Maximum number of SCF cycles :     1000

| QMMM: *** Diagonalization Routine Information ***
| QMMM: Pseudo diagonalizations are allowed.
| QMMM: Auto diagonalization routine selection is in use.
| QMMM:
| QMMM: Timing diagonalization routines:
| QMMM:                              norbs =       44
| QMMM:    diag iterations used for timing =       20
| QMMM:
| QMMM:              Internal diag routine = 0.005960 seconds
| QMMM:                 Dspev diag routine = 0.006514 seconds
| QMMM:                Dspevd diag routine = 0.018421 seconds
| QMMM:                Dspevx diag routine = 0.012756 seconds
| QMMM:                 Dsyev diag routine = 0.003472 seconds
| QMMM:                Dsyevd diag routine = 0.002843 seconds
| QMMM:                Dsyevr diag routine = 0.003630 seconds
| QMMM:
| QMMM:                Pseudo diag routine = 0.000786 seconds
| QMMM:
| QMMM: Using dsyevd routine (diag_routine=6).

  QMMM: QM Region Cartesian Coordinates (*=link atom) 
  QMMM: QM_NO.   MM_NO.  ATOM         X         Y         Z
  QMMM:     1        1      C        1.0070   -0.0380    0.0100
  QMMM:     2        2      C        0.6290   -1.2880    0.8260
  QMMM:     3        3      C        0.5960    1.2610    0.7340
  QMMM:     4        4      C        0.4580   -0.0740   -1.4250
  QMMM:     5        5      N        2.5180   -0.0190   -0.1080
  QMMM:     6        6      O        1.2190   -2.4380    0.2150
  QMMM:     7        7      O        1.3300    1.3570    1.9560
  QMMM:     8        8      O        1.0100    1.0500   -2.1220
  QMMM:     9        9      H        1.0090   -1.2300    1.8530
  QMMM:    10       10      H       -0.4580   -1.4190    0.8620
  QMMM:    11       11      H        0.8320    2.1500    0.1400
  QMMM:    12       12      H       -0.4770    1.2630    0.9540
  QMMM:    13       13      H        0.7630   -0.9810   -1.9620
  QMMM:    14       14      H       -0.6340   -0.0110   -1.4370
  QMMM:    15       15      H        2.9260    0.3260    0.7690
  QMMM:    16       16      H        2.8550   -0.9740   -0.2990
  QMMM:    17       17      H        2.7890    0.6000   -0.8870
  QMMM:    18       18      H        0.8700   -3.2260    0.6810
  QMMM:    19       19      H        0.9570    2.1120    2.4580
  QMMM:    20       20      H        0.2940    1.4550   -2.6510

--------------------------------------------------------------------------------
  RESULTS
--------------------------------------------------------------------------------

      iter         sqm energy              rms gradient
      ----    -------------------    -----------------------
xmin    10      -18.2275 kcal/mol        0.5888 kcal/(mol*A)
xmin    20      -18.4316 kcal/mol        0.4104 kcal/(mol*A)
xmin    30      -18.5151 kcal/mol        0.2666 kcal/(mol*A)
xmin    40      -18.5399 kcal/mol        0.0991 kcal/(mol*A)
xmin    50      -18.5430 kcal/mol        0.0116 kcal/(mol*A)
xmin    60      -18.5431 kcal/mol        0.0025 kcal/(mol*A)
xmin    70      -18.5431 kcal/mol        0.0043 kcal/(mol*A)
  ... geometry converged !
 
 Final MO eigenvalues (eV):
 -45.4820  -42.0324  -42.0323  -40.9065  -36.3710  -30.8119  -30.8118  -26.0470
 -23.8551  -23.8551  -22.7865  -22.3461  -22.3460  -21.5907  -20.3322  -20.3321
 -19.2976  -18.9014  -18.9013  -17.8100  -16.9275  -16.9274  -15.7547  -15.3260
 -15.3259   -3.6449   -1.8145   -1.8145   -1.7141   -1.6367   -0.9200   -0.9199
  -0.4407   -0.4407   -0.2686   -0.1809   -0.1808   -0.0349    0.0656    0.0845
   0.0845    1.9622    1.9622    1.9959

 Heat of formation   =        -18.54307601 kcal/mol  (       -0.80408811 eV)

 Total SCF energy    =     -42453.73026779 kcal/mol  (    -1840.93188794 eV)
 Electronic energy   =    -186482.76123152 kcal/mol  (    -8086.49933791 eV)
 Core-core repulsion =     144029.03096373 kcal/mol  (     6245.56744997 eV)
 
    Atomic Charges for Step       1 :
  Atom    Element       Mulliken Charge
     1      C                 -0.029
     2      C                 -0.039
     3      C                 -0.039
     4      C                 -0.039
     5      N                 -0.054
     6      O                 -0.362
     7      O                 -0.362
     8      O                 -0.362
     9      H                  0.119
    10      H                  0.117
    11      H                  0.119
    12      H                  0.117
    13      H                  0.119
    14      H                  0.117
    15      H                  0.269
    16      H                  0.269
    17      H                  0.269
    18      H                  0.256
    19      H                  0.256
    20      H                  0.256
 Total Mulliken Charge =       1.000
 
                  X        Y        Z     TOTAL  
  QM DIPOLE     6.534   -0.004   -0.009    6.534
 
 Final Structure

  QMMM: QM Region Cartesian Coordinates (*=link atom) 
  QMMM: QM_NO.   MM_NO.  ATOM         X         Y         Z
  QMMM:     1        1      C        1.0655   -0.0056    0.0247
  QMMM:     2        2      C        0.6224   -1.2669    0.8066
  QMMM:     3        3      C        0.5813    1.2525    0.7871
  QMMM:     4        4      C        0.4060   -0.0272   -1.3765
  QMMM:     5        5      N        2.5717    0.0179   -0.1113
  QMMM:     6        6      O        1.2545   -2.3773    0.1956
  QMMM:     7        7      O        1.3565    1.3456    1.9687
  QMMM:     8        8      O        0.9917    1.0213   -2.1270
  QMMM:     9        9      H        0.9356   -1.1782    1.8827
  QMMM:    10       10      H       -0.4948   -1.3519    0.7406
  QMMM:    11       11      H        0.7268    2.1657    0.1476
  QMMM:    12       12      H       -0.5075    1.1253    1.0278
  QMMM:    13       13      H        0.5943   -1.0188   -1.8716
  QMMM:    14       14      H       -0.6979    0.1333   -1.2523
  QMMM:    15       15      H        2.9837    0.2416    0.8014
  QMMM:    16       16      H        2.8909   -0.9054   -0.4251
  QMMM:    17       17      H        2.8315    0.7331   -0.7998
  QMMM:    18       18      H        0.8927   -3.1787    0.5989
  QMMM:    19       19      H        0.9834    2.0565    2.5085
  QMMM:    20       20      H        0.5045    1.0931   -2.9597

           --------- Calculation Completed ----------

