============================================================================
| ACPYPE: AnteChamber PYthon Parser interfacE v. 2023.10.27 (c) 2026 AWSdS |
============================================================================
DEBUG: CLI: -p /home/alexi/Documents/aSyn_simulations/topology_output/ligands/CI1/CI1_AC.prmtop -x /home/alexi/Documents/aSyn_simulations/topology_output/ligands/CI1/CI1_AC.inpcrd -b CI1 -o gmx
DEBUG: Python Version 3.13.1 (main, Jan 14 2025, 22:47:38) [Clang 19.1.6 ]
Converting Amber input files to Gromacs ...
DEBUG: prmtop and inpcrd files loaded
DEBUG: basename defined = 'CI1'
DEBUG: getCoords done
DEBUG: getABCOEFs done
DEBUG: charge to be balanced: total -1.0010000033
DEBUG: balanceCharges done
DEBUG: Balanced TotalCharge -1.0000000000
DEBUG: PBC = None
DEBUG: getAtoms done
DEBUG: getBonds done
DEBUG: getAngles done
DEBUG: getDihedrals done
==> Writing GROMACS files

==> Disambiguating lower and uppercase atomtypes in GMX top file, even if identical.

DEBUG: writing GRO file
DEBUG: Box size estimated
DEBUG: writing POSRE file
DEBUG: atomTypes 6
DEBUG: GMX atomtypes done
DEBUG: atoms 20
DEBUG: GMX atoms done
DEBUG: bonds 19
DEBUG: GMX bonds done
DEBUG: atomPairs 43
DEBUG: GMX pairs done
DEBUG: angles 30
DEBUG: GMX angles done
DEBUG: setProperDihedralsCoef done
DEBUG: properDihedralsCoefRB 43
DEBUG: properDihedralsAlphaGamma 0
DEBUG: properDihedralsGmx45 69
==> Writing GMX dihedrals for GMX 4.5 and higher.

DEBUG: GMX special proper dihedrals done
DEBUG: improperDihedrals 3
DEBUG: GMX improper dihedrals done
DEBUG: prmtop and inpcrd files parsed
Total time of execution: less than a second
DEBUG: No tmp folder left to be removed
